<?xml version="1.0" encoding="UTF-8"?>
<testng-results ignored="0" total="1" passed="1" failed="0" skipped="0">
  <reporter-output>
  </reporter-output>
  <suite started-at="2020-12-23T19:00:16Z" name="sample1" finished-at="2020-12-23T19:00:18Z" duration-ms="2672">
    <groups>
    </groups>
    <test started-at="2020-12-23T19:00:16Z" name="register" finished-at="2020-12-23T19:00:18Z" duration-ms="2672">
      <class name="sample.Demo">
        <test-method signature="register()[pri:0, instance:sample.Demo@671a5887]" started-at="2020-12-24T00:30:16Z" name="register" finished-at="2020-12-24T00:30:18Z" duration-ms="2662" status="PASS">
          <reporter-output>
          </reporter-output>
        </test-method> <!-- register -->
      </class> <!-- sample.Demo -->
    </test> <!-- register -->
  </suite> <!-- sample1 -->
</testng-results>
